<?xml version="1.0" encoding="UTF-8"?>
<testng-results skipped="0" failed="0" total="1" passed="1">
  <reporter-output>
  </reporter-output>
  <suite name="Default suite" duration-ms="16111" started-at="2016-05-25T03:19:35Z" finished-at="2016-05-25T03:19:51Z">
    <groups>
    </groups>
    <test name="Default test" duration-ms="16111" started-at="2016-05-25T03:19:35Z" finished-at="2016-05-25T03:19:51Z">
      <class name="br.com.unisul.test.TestFormularioDeCadastro">
        <test-method status="PASS" signature="preConditions()[pri:0, instance:br.com.unisul.test.TestFormularioDeCadastro@68be2bc2]" name="preConditions" is-config="true" duration-ms="14450" started-at="2016-05-25T00:19:35Z" finished-at="2016-05-25T00:19:49Z">
          <reporter-output>
          </reporter-output>
        </test-method> <!-- preConditions -->
        <test-method status="PASS" signature="cadastrarUmUsuarioComSucesso()[pri:0, instance:br.com.unisul.test.TestFormularioDeCadastro@68be2bc2]" name="cadastrarUmUsuarioComSucesso" duration-ms="1629" started-at="2016-05-25T00:19:49Z" finished-at="2016-05-25T00:19:51Z">
          <reporter-output>
          </reporter-output>
        </test-method> <!-- cadastrarUmUsuarioComSucesso -->
        <test-method status="PASS" signature="closeDriver()[pri:0, instance:br.com.unisul.test.TestFormularioDeCadastro@68be2bc2]" name="closeDriver" is-config="true" duration-ms="18" started-at="2016-05-25T00:19:51Z" finished-at="2016-05-25T00:19:51Z">
          <reporter-output>
          </reporter-output>
        </test-method> <!-- closeDriver -->
      </class> <!-- br.com.unisul.test.TestFormularioDeCadastro -->
    </test> <!-- Default test -->
  </suite> <!-- Default suite -->
</testng-results>
